This file contains any messages produced by compilers while
running configure, to aid debugging if configure makes a mistake.

It was created by libaacplus configure 2.0.2, which was
generated by GNU Autoconf 2.69.  Invocation command line was

  $ ./configure --enable-shared --enable-static

## --------- ##
## Platform. ##
## --------- ##

hostname = astroid1
uname -m = x86_64
uname -r = 3.13.0-24-generic
uname -s = Linux
uname -v = #47-Ubuntu SMP Fri May 2 23:30:00 UTC 2014

/usr/bin/uname -p = unknown
/bin/uname -X     = unknown

/bin/arch              = unknown
/usr/bin/arch -k       = unknown
/usr/convex/getsysinfo = unknown
/usr/bin/hostinfo      = unknown
/bin/machine           = unknown
/usr/bin/oslevel       = unknown
/bin/universe          = unknown

PATH: /usr/local/sbin
PATH: /usr/local/bin
PATH: /usr/sbin
PATH: /usr/bin
PATH: /sbin
PATH: /bin
PATH: /usr/games
PATH: /usr/local/games


## ----------- ##
## Core tests. ##
## ----------- ##

configure:2418: checking for a BSD-compatible install
configure:2486: result: /usr/bin/install -c
configure:2497: checking whether build environment is sane
configure:2552: result: yes
configure:2703: checking for a thread-safe mkdir -p
configure:2742: result: /bin/mkdir -p
configure:2749: checking for gawk
configure:2765: found /usr/bin/gawk
configure:2776: result: gawk
configure:2787: checking whether make sets $(MAKE)
configure:2809: result: yes
configure:2838: checking whether make supports nested variables
configure:2855: result: yes
configure:3033: checking for gcc
configure:3049: found /usr/bin/gcc
configure:3060: result: gcc
configure:3289: checking for C compiler version
configure:3298: gcc --version >&5
gcc (Ubuntu 4.8.2-19ubuntu1) 4.8.2
Copyright (C) 2013 Free Software Foundation, Inc.
This is free software; see the source for copying conditions.  There is NO
warranty; not even for MERCHANTABILITY or FITNESS FOR A PARTICULAR PURPOSE.

configure:3309: $? = 0
configure:3298: gcc -v >&5
Using built-in specs.
COLLECT_GCC=gcc
COLLECT_LTO_WRAPPER=/usr/lib/gcc/x86_64-linux-gnu/4.8/lto-wrapper
Target: x86_64-linux-gnu
Configured with: ../src/configure -v --with-pkgversion='Ubuntu 4.8.2-19ubuntu1' --with-bugurl=file:///usr/share/doc/gcc-4.8/README.Bugs --enable-languages=c,c++,java,go,d,fortran,objc,obj-c++ --prefix=/usr --program-suffix=-4.8 --enable-shared --enable-linker-build-id --libexecdir=/usr/lib --without-included-gettext --enable-threads=posix --with-gxx-include-dir=/usr/include/c++/4.8 --libdir=/usr/lib --enable-nls --with-sysroot=/ --enable-clocale=gnu --enable-libstdcxx-debug --enable-libstdcxx-time=yes --enable-gnu-unique-object --disable-libmudflap --enable-plugin --with-system-zlib --disable-browser-plugin --enable-java-awt=gtk --enable-gtk-cairo --with-java-home=/usr/lib/jvm/java-1.5.0-gcj-4.8-amd64/jre --enable-java-home --with-jvm-root-dir=/usr/lib/jvm/java-1.5.0-gcj-4.8-amd64 --with-jvm-jar-dir=/usr/lib/jvm-exports/java-1.5.0-gcj-4.8-amd64 --with-arch-directory=amd64 --with-ecj-jar=/usr/share/java/eclipse-ecj.jar --enable-objc-gc --enable-multiarch --disable-werror --with-arch-32=i686 --with-abi=m64 --with-multilib-list=m32,m64,mx32 --with-tune=generic --enable-checking=release --build=x86_64-linux-gnu --host=x86_64-linux-gnu --target=x86_64-linux-gnu
Thread model: posix
gcc version 4.8.2 (Ubuntu 4.8.2-19ubuntu1) 
configure:3309: $? = 0
configure:3298: gcc -V >&5
gcc: error: unrecognized command line option '-V'
gcc: fatal error: no input files
compilation terminated.
configure:3309: $? = 4
configure:3298: gcc -qversion >&5
gcc: error: unrecognized command line option '-qversion'
gcc: fatal error: no input files
compilation terminated.
configure:3309: $? = 4
configure:3329: checking whether the C compiler works
configure:3351: gcc    conftest.c  >&5
configure:3355: $? = 0
configure:3403: result: yes
configure:3406: checking for C compiler default output file name
configure:3408: result: a.out
configure:3414: checking for suffix of executables
configure:3421: gcc -o conftest    conftest.c  >&5
configure:3425: $? = 0
configure:3447: result: 
configure:3469: checking whether we are cross compiling
configure:3477: gcc -o conftest    conftest.c  >&5
configure:3481: $? = 0
configure:3488: ./conftest
configure:3492: $? = 0
configure:3507: result: no
configure:3512: checking for suffix of object files
configure:3534: gcc -c   conftest.c >&5
configure:3538: $? = 0
configure:3559: result: o
configure:3563: checking whether we are using the GNU C compiler
configure:3582: gcc -c   conftest.c >&5
configure:3582: $? = 0
configure:3591: result: yes
configure:3600: checking whether gcc accepts -g
configure:3620: gcc -c -g  conftest.c >&5
configure:3620: $? = 0
configure:3661: result: yes
configure:3678: checking for gcc option to accept ISO C89
configure:3741: gcc  -c -g -O2  conftest.c >&5
configure:3741: $? = 0
configure:3754: result: none needed
configure:3779: checking whether gcc understands -c and -o together
configure:3801: gcc -c conftest.c -o conftest2.o
configure:3804: $? = 0
configure:3801: gcc -c conftest.c -o conftest2.o
configure:3804: $? = 0
configure:3816: result: yes
configure:3844: checking for style of include used by make
configure:3872: result: GNU
configure:3898: checking dependency style of gcc
configure:4009: result: gcc3
configure:4030: checking how to run the C preprocessor
configure:4061: gcc -E  conftest.c
configure:4061: $? = 0
configure:4075: gcc -E  conftest.c
conftest.c:11:28: fatal error: ac_nonexistent.h: No such file or directory
 #include <ac_nonexistent.h>
                            ^
compilation terminated.
configure:4075: $? = 1
configure: failed program was:
| /* confdefs.h */
| #define PACKAGE_NAME "libaacplus"
| #define PACKAGE_TARNAME "libaacplus"
| #define PACKAGE_VERSION "2.0.2"
| #define PACKAGE_STRING "libaacplus 2.0.2"
| #define PACKAGE_BUGREPORT "Sergiy Guriev <piratfm@ua.fm>"
| #define PACKAGE_URL ""
| #define PACKAGE "libaacplus"
| #define VERSION "2.0.2"
| /* end confdefs.h.  */
| #include <ac_nonexistent.h>
configure:4100: result: gcc -E
configure:4120: gcc -E  conftest.c
configure:4120: $? = 0
configure:4134: gcc -E  conftest.c
conftest.c:11:28: fatal error: ac_nonexistent.h: No such file or directory
 #include <ac_nonexistent.h>
                            ^
compilation terminated.
configure:4134: $? = 1
configure: failed program was:
| /* confdefs.h */
| #define PACKAGE_NAME "libaacplus"
| #define PACKAGE_TARNAME "libaacplus"
| #define PACKAGE_VERSION "2.0.2"
| #define PACKAGE_STRING "libaacplus 2.0.2"
| #define PACKAGE_BUGREPORT "Sergiy Guriev <piratfm@ua.fm>"
| #define PACKAGE_URL ""
| #define PACKAGE "libaacplus"
| #define VERSION "2.0.2"
| /* end confdefs.h.  */
| #include <ac_nonexistent.h>
configure:4163: checking whether ln -s works
configure:4167: result: yes
configure:4174: checking whether make sets $(MAKE)
configure:4196: result: yes
configure:4209: checking build system type
configure:4223: result: x86_64-unknown-linux-gnu
configure:4243: checking host system type
configure:4256: result: x86_64-unknown-linux-gnu
configure:4625: checking how to print strings
configure:4652: result: printf
configure:4673: checking for a sed that does not truncate output
configure:4737: result: /bin/sed
configure:4755: checking for grep that handles long lines and -e
configure:4813: result: /bin/grep
configure:4818: checking for egrep
configure:4880: result: /bin/grep -E
configure:4885: checking for fgrep
configure:4947: result: /bin/grep -F
configure:4982: checking for ld used by gcc
configure:5049: result: /usr/bin/ld
configure:5056: checking if the linker (/usr/bin/ld) is GNU ld
configure:5071: result: yes
configure:5083: checking for BSD- or MS-compatible name lister (nm)
configure:5132: result: /usr/bin/nm -B
configure:5262: checking the name lister (/usr/bin/nm -B) interface
configure:5269: gcc -c -g -O2  conftest.c >&5
configure:5272: /usr/bin/nm -B "conftest.o"
configure:5275: output
0000000000000000 B some_variable
configure:5282: result: BSD nm
configure:5286: checking the maximum length of command line arguments
configure:5417: result: 1572864
configure:5434: checking whether the shell understands some XSI constructs
configure:5444: result: yes
configure:5448: checking whether the shell understands "+="
configure:5454: result: yes
configure:5489: checking how to convert x86_64-unknown-linux-gnu file names to x86_64-unknown-linux-gnu format
configure:5529: result: func_convert_file_noop
configure:5536: checking how to convert x86_64-unknown-linux-gnu file names to toolchain format
configure:5556: result: func_convert_file_noop
configure:5563: checking for /usr/bin/ld option to reload object files
configure:5570: result: -r
configure:5644: checking for objdump
configure:5671: result: objdump
configure:5700: checking how to recognize dependent libraries
configure:5898: result: pass_all
configure:5983: checking for dlltool
configure:6010: result: dlltool
configure:6040: checking how to associate runtime and link libraries
configure:6067: result: printf %s\n
configure:6128: checking for ar
configure:6144: found /usr/bin/ar
configure:6155: result: ar
configure:6192: checking for archiver @FILE support
configure:6209: gcc -c -g -O2  conftest.c >&5
configure:6209: $? = 0
configure:6212: ar cru libconftest.a @conftest.lst >&5
configure:6215: $? = 0
configure:6220: ar cru libconftest.a @conftest.lst >&5
ar: conftest.o: No such file or directory
configure:6223: $? = 1
configure:6235: result: @
configure:6293: checking for strip
configure:6309: found /usr/bin/strip
configure:6320: result: strip
configure:6392: checking for ranlib
configure:6408: found /usr/bin/ranlib
configure:6419: result: ranlib
configure:6521: checking command to parse /usr/bin/nm -B output from gcc object
configure:6641: gcc -c -g -O2  conftest.c >&5
configure:6644: $? = 0
configure:6648: /usr/bin/nm -B conftest.o \| sed -n -e 's/^.*[ ]\([ABCDGIRSTW][ABCDGIRSTW]*\)[ ][ ]*\([_A-Za-z][_A-Za-z0-9]*\)$/\1 \2 \2/p' | sed '/ __gnu_lto/d' \> conftest.nm
configure:6651: $? = 0
configure:6717: gcc -o conftest -g -O2   conftest.c conftstm.o >&5
configure:6720: $? = 0
configure:6758: result: ok
configure:6795: checking for sysroot
configure:6825: result: no
configure:6902: gcc -c -g -O2  conftest.c >&5
configure:6905: $? = 0
configure:7094: checking for mt
configure:7110: found /bin/mt
configure:7121: result: mt
configure:7144: checking if mt is a manifest tool
configure:7150: mt '-?'
configure:7158: result: no
configure:7796: checking for ANSI C header files
configure:7816: gcc -c -g -O2  conftest.c >&5
configure:7816: $? = 0
configure:7889: gcc -o conftest -g -O2   conftest.c  >&5
configure:7889: $? = 0
configure:7889: ./conftest
configure:7889: $? = 0
configure:7900: result: yes
configure:7913: checking for sys/types.h
configure:7913: gcc -c -g -O2  conftest.c >&5
configure:7913: $? = 0
configure:7913: result: yes
configure:7913: checking for sys/stat.h
configure:7913: gcc -c -g -O2  conftest.c >&5
configure:7913: $? = 0
configure:7913: result: yes
configure:7913: checking for stdlib.h
configure:7913: gcc -c -g -O2  conftest.c >&5
configure:7913: $? = 0
configure:7913: result: yes
configure:7913: checking for string.h
configure:7913: gcc -c -g -O2  conftest.c >&5
configure:7913: $? = 0
configure:7913: result: yes
configure:7913: checking for memory.h
configure:7913: gcc -c -g -O2  conftest.c >&5
configure:7913: $? = 0
configure:7913: result: yes
configure:7913: checking for strings.h
configure:7913: gcc -c -g -O2  conftest.c >&5
configure:7913: $? = 0
configure:7913: result: yes
configure:7913: checking for inttypes.h
configure:7913: gcc -c -g -O2  conftest.c >&5
configure:7913: $? = 0
configure:7913: result: yes
configure:7913: checking for stdint.h
configure:7913: gcc -c -g -O2  conftest.c >&5
configure:7913: $? = 0
configure:7913: result: yes
configure:7913: checking for unistd.h
configure:7913: gcc -c -g -O2  conftest.c >&5
configure:7913: $? = 0
configure:7913: result: yes
configure:7927: checking for dlfcn.h
configure:7927: gcc -c -g -O2  conftest.c >&5
configure:7927: $? = 0
configure:7927: result: yes
configure:8131: checking for objdir
configure:8146: result: .libs
configure:8417: checking if gcc supports -fno-rtti -fno-exceptions
configure:8435: gcc -c -g -O2  -fno-rtti -fno-exceptions conftest.c >&5
cc1: warning: command line option '-fno-rtti' is valid for C++/ObjC++ but not for C [enabled by default]
configure:8439: $? = 0
configure:8452: result: no
configure:8779: checking for gcc option to produce PIC
configure:8786: result: -fPIC -DPIC
configure:8794: checking if gcc PIC flag -fPIC -DPIC works
configure:8812: gcc -c -g -O2  -fPIC -DPIC -DPIC conftest.c >&5
configure:8816: $? = 0
configure:8829: result: yes
configure:8858: checking if gcc static flag -static works
configure:8886: result: yes
configure:8901: checking if gcc supports -c -o file.o
configure:8922: gcc -c -g -O2  -o out/conftest2.o conftest.c >&5
configure:8926: $? = 0
configure:8948: result: yes
configure:8956: checking if gcc supports -c -o file.o
configure:9003: result: yes
configure:9036: checking whether the gcc linker (/usr/bin/ld -m elf_x86_64) supports shared libraries
configure:10193: result: yes
configure:10230: checking whether -lc should be explicitly linked in
configure:10238: gcc -c -g -O2  conftest.c >&5
configure:10241: $? = 0
configure:10256: gcc -shared  -fPIC -DPIC conftest.o  -v -Wl,-soname -Wl,conftest -o conftest 2\>\&1 \| /bin/grep  -lc  \>/dev/null 2\>\&1
configure:10259: $? = 0
configure:10273: result: no
configure:10433: checking dynamic linker characteristics
configure:10933: gcc -o conftest -g -O2   -Wl,-rpath -Wl,/foo conftest.c  >&5
configure:10933: $? = 0
configure:11167: result: GNU/Linux ld.so
configure:11274: checking how to hardcode library paths into programs
configure:11299: result: immediate
configure:11839: checking whether stripping libraries is possible
configure:11844: result: yes
configure:11879: checking if libtool supports shared libraries
configure:11881: result: yes
configure:11884: checking whether to build shared libraries
configure:11905: result: yes
configure:11908: checking whether to build static libraries
configure:11912: result: yes
configure:11951: checking for unzip
configure:11969: found /usr/bin/unzip
configure:11981: result: /usr/bin/unzip
configure:11994: checking for patch
configure:12012: found /usr/bin/patch
configure:12024: result: /usr/bin/patch
configure:12045: checking for /bin/bash
configure:12058: result: yes
configure:12183: checking for parameter expansion string replace capable shell
configure:12199: result: /bin/bash
configure:12225: checking for wget
configure:12243: found /usr/bin/wget
configure:12255: result: /usr/bin/wget
configure:12270: checking for web downloading command
configure:12299: result: /usr/bin/wget -N
configure:12313: checking for library containing sqrt
configure:12344: gcc -o conftest -g -O2   conftest.c  >&5
conftest.c:30:6: warning: conflicting types for built-in function 'sqrt' [enabled by default]
 char sqrt ();
      ^
/tmp/ccJXqhq5.o: In function `main':
/opt/galaxymediatools/ffmpeginstall/libaacplus-2.0.2/conftest.c:34: undefined reference to `sqrt'
collect2: error: ld returned 1 exit status
configure:12344: $? = 1
configure: failed program was:
| /* confdefs.h */
| #define PACKAGE_NAME "libaacplus"
| #define PACKAGE_TARNAME "libaacplus"
| #define PACKAGE_VERSION "2.0.2"
| #define PACKAGE_STRING "libaacplus 2.0.2"
| #define PACKAGE_BUGREPORT "Sergiy Guriev <piratfm@ua.fm>"
| #define PACKAGE_URL ""
| #define PACKAGE "libaacplus"
| #define VERSION "2.0.2"
| #define STDC_HEADERS 1
| #define HAVE_SYS_TYPES_H 1
| #define HAVE_SYS_STAT_H 1
| #define HAVE_STDLIB_H 1
| #define HAVE_STRING_H 1
| #define HAVE_MEMORY_H 1
| #define HAVE_STRINGS_H 1
| #define HAVE_INTTYPES_H 1
| #define HAVE_STDINT_H 1
| #define HAVE_UNISTD_H 1
| #define HAVE_DLFCN_H 1
| #define LT_OBJDIR ".libs/"
| /* end confdefs.h.  */
| 
| /* Override any GCC internal prototype to avoid an error.
|    Use char because int might match the return type of a GCC
|    builtin and then its argument prototype would still apply.  */
| #ifdef __cplusplus
| extern "C"
| #endif
| char sqrt ();
| int
| main ()
| {
| return sqrt ();
|   ;
|   return 0;
| }
configure:12344: gcc -o conftest -g -O2   conftest.c -lm   >&5
conftest.c:30:6: warning: conflicting types for built-in function 'sqrt' [enabled by default]
 char sqrt ();
      ^
configure:12344: $? = 0
configure:12361: result: -lm
configure:12371: checking for ANSI C header files
configure:12475: result: yes
configure:12486: checking float.h usability
configure:12486: gcc -c -g -O2  conftest.c >&5
configure:12486: $? = 0
configure:12486: result: yes
configure:12486: checking float.h presence
configure:12486: gcc -E  conftest.c
configure:12486: $? = 0
configure:12486: result: yes
configure:12486: checking for float.h
configure:12486: result: yes
configure:12486: checking for memory.h
configure:12486: result: yes
configure:12486: checking for stdint.h
configure:12486: result: yes
configure:12486: checking for stdlib.h
configure:12486: result: yes
configure:12486: checking for string.h
configure:12486: result: yes
configure:12502: checking for an ANSI C-conforming const
configure:12568: gcc -c -g -O2  conftest.c >&5
configure:12568: $? = 0
configure:12575: result: yes
configure:12583: checking for int16_t
configure:12583: gcc -c -g -O2  conftest.c >&5
configure:12583: $? = 0
configure:12583: gcc -c -g -O2  conftest.c >&5
conftest.c: In function 'main':
conftest.c:66:12: error: size of array 'test_array' is negative
 static int test_array [1 - 2 * !((int16_t) (((((int16_t) 1 << N) << N) - 1) * 2 + 1)
            ^
configure:12583: $? = 1
configure: failed program was:
| /* confdefs.h */
| #define PACKAGE_NAME "libaacplus"
| #define PACKAGE_TARNAME "libaacplus"
| #define PACKAGE_VERSION "2.0.2"
| #define PACKAGE_STRING "libaacplus 2.0.2"
| #define PACKAGE_BUGREPORT "Sergiy Guriev <piratfm@ua.fm>"
| #define PACKAGE_URL ""
| #define PACKAGE "libaacplus"
| #define VERSION "2.0.2"
| #define STDC_HEADERS 1
| #define HAVE_SYS_TYPES_H 1
| #define HAVE_SYS_STAT_H 1
| #define HAVE_STDLIB_H 1
| #define HAVE_STRING_H 1
| #define HAVE_MEMORY_H 1
| #define HAVE_STRINGS_H 1
| #define HAVE_INTTYPES_H 1
| #define HAVE_STDINT_H 1
| #define HAVE_UNISTD_H 1
| #define HAVE_DLFCN_H 1
| #define LT_OBJDIR ".libs/"
| #define STDC_HEADERS 1
| #define HAVE_FLOAT_H 1
| #define HAVE_MEMORY_H 1
| #define HAVE_STDINT_H 1
| #define HAVE_STDLIB_H 1
| #define HAVE_STRING_H 1
| /* end confdefs.h.  */
| #include <stdio.h>
| #ifdef HAVE_SYS_TYPES_H
| # include <sys/types.h>
| #endif
| #ifdef HAVE_SYS_STAT_H
| # include <sys/stat.h>
| #endif
| #ifdef STDC_HEADERS
| # include <stdlib.h>
| # include <stddef.h>
| #else
| # ifdef HAVE_STDLIB_H
| #  include <stdlib.h>
| # endif
| #endif
| #ifdef HAVE_STRING_H
| # if !defined STDC_HEADERS && defined HAVE_MEMORY_H
| #  include <memory.h>
| # endif
| # include <string.h>
| #endif
| #ifdef HAVE_STRINGS_H
| # include <strings.h>
| #endif
| #ifdef HAVE_INTTYPES_H
| # include <inttypes.h>
| #endif
| #ifdef HAVE_STDINT_H
| # include <stdint.h>
| #endif
| #ifdef HAVE_UNISTD_H
| # include <unistd.h>
| #endif
| 	        enum { N = 16 / 2 - 1 };
| int
| main ()
| {
| static int test_array [1 - 2 * !((int16_t) (((((int16_t) 1 << N) << N) - 1) * 2 + 1)
| 		 < (int16_t) (((((int16_t) 1 << N) << N) - 1) * 2 + 2))];
| test_array [0] = 0;
| return test_array [0];
| 
|   ;
|   return 0;
| }
configure:12583: result: yes
configure:12594: checking for int32_t
configure:12594: gcc -c -g -O2  conftest.c >&5
configure:12594: $? = 0
configure:12594: gcc -c -g -O2  conftest.c >&5
conftest.c: In function 'main':
conftest.c:67:53: warning: integer overflow in expression [-Woverflow]
    < (int32_t) (((((int32_t) 1 << N) << N) - 1) * 2 + 2))];
                                                     ^
conftest.c:66:12: error: storage size of 'test_array' isn't constant
 static int test_array [1 - 2 * !((int32_t) (((((int32_t) 1 << N) << N) - 1) * 2 + 1)
            ^
configure:12594: $? = 1
configure: failed program was:
| /* confdefs.h */
| #define PACKAGE_NAME "libaacplus"
| #define PACKAGE_TARNAME "libaacplus"
| #define PACKAGE_VERSION "2.0.2"
| #define PACKAGE_STRING "libaacplus 2.0.2"
| #define PACKAGE_BUGREPORT "Sergiy Guriev <piratfm@ua.fm>"
| #define PACKAGE_URL ""
| #define PACKAGE "libaacplus"
| #define VERSION "2.0.2"
| #define STDC_HEADERS 1
| #define HAVE_SYS_TYPES_H 1
| #define HAVE_SYS_STAT_H 1
| #define HAVE_STDLIB_H 1
| #define HAVE_STRING_H 1
| #define HAVE_MEMORY_H 1
| #define HAVE_STRINGS_H 1
| #define HAVE_INTTYPES_H 1
| #define HAVE_STDINT_H 1
| #define HAVE_UNISTD_H 1
| #define HAVE_DLFCN_H 1
| #define LT_OBJDIR ".libs/"
| #define STDC_HEADERS 1
| #define HAVE_FLOAT_H 1
| #define HAVE_MEMORY_H 1
| #define HAVE_STDINT_H 1
| #define HAVE_STDLIB_H 1
| #define HAVE_STRING_H 1
| /* end confdefs.h.  */
| #include <stdio.h>
| #ifdef HAVE_SYS_TYPES_H
| # include <sys/types.h>
| #endif
| #ifdef HAVE_SYS_STAT_H
| # include <sys/stat.h>
| #endif
| #ifdef STDC_HEADERS
| # include <stdlib.h>
| # include <stddef.h>
| #else
| # ifdef HAVE_STDLIB_H
| #  include <stdlib.h>
| # endif
| #endif
| #ifdef HAVE_STRING_H
| # if !defined STDC_HEADERS && defined HAVE_MEMORY_H
| #  include <memory.h>
| # endif
| # include <string.h>
| #endif
| #ifdef HAVE_STRINGS_H
| # include <strings.h>
| #endif
| #ifdef HAVE_INTTYPES_H
| # include <inttypes.h>
| #endif
| #ifdef HAVE_STDINT_H
| # include <stdint.h>
| #endif
| #ifdef HAVE_UNISTD_H
| # include <unistd.h>
| #endif
| 	        enum { N = 32 / 2 - 1 };
| int
| main ()
| {
| static int test_array [1 - 2 * !((int32_t) (((((int32_t) 1 << N) << N) - 1) * 2 + 1)
| 		 < (int32_t) (((((int32_t) 1 << N) << N) - 1) * 2 + 2))];
| test_array [0] = 0;
| return test_array [0];
| 
|   ;
|   return 0;
| }
configure:12594: result: yes
configure:12605: checking for int8_t
configure:12605: gcc -c -g -O2  conftest.c >&5
configure:12605: $? = 0
configure:12605: gcc -c -g -O2  conftest.c >&5
conftest.c: In function 'main':
conftest.c:66:12: error: size of array 'test_array' is negative
 static int test_array [1 - 2 * !((int8_t) (((((int8_t) 1 << N) << N) - 1) * 2 + 1)
            ^
configure:12605: $? = 1
configure: failed program was:
| /* confdefs.h */
| #define PACKAGE_NAME "libaacplus"
| #define PACKAGE_TARNAME "libaacplus"
| #define PACKAGE_VERSION "2.0.2"
| #define PACKAGE_STRING "libaacplus 2.0.2"
| #define PACKAGE_BUGREPORT "Sergiy Guriev <piratfm@ua.fm>"
| #define PACKAGE_URL ""
| #define PACKAGE "libaacplus"
| #define VERSION "2.0.2"
| #define STDC_HEADERS 1
| #define HAVE_SYS_TYPES_H 1
| #define HAVE_SYS_STAT_H 1
| #define HAVE_STDLIB_H 1
| #define HAVE_STRING_H 1
| #define HAVE_MEMORY_H 1
| #define HAVE_STRINGS_H 1
| #define HAVE_INTTYPES_H 1
| #define HAVE_STDINT_H 1
| #define HAVE_UNISTD_H 1
| #define HAVE_DLFCN_H 1
| #define LT_OBJDIR ".libs/"
| #define STDC_HEADERS 1
| #define HAVE_FLOAT_H 1
| #define HAVE_MEMORY_H 1
| #define HAVE_STDINT_H 1
| #define HAVE_STDLIB_H 1
| #define HAVE_STRING_H 1
| /* end confdefs.h.  */
| #include <stdio.h>
| #ifdef HAVE_SYS_TYPES_H
| # include <sys/types.h>
| #endif
| #ifdef HAVE_SYS_STAT_H
| # include <sys/stat.h>
| #endif
| #ifdef STDC_HEADERS
| # include <stdlib.h>
| # include <stddef.h>
| #else
| # ifdef HAVE_STDLIB_H
| #  include <stdlib.h>
| # endif
| #endif
| #ifdef HAVE_STRING_H
| # if !defined STDC_HEADERS && defined HAVE_MEMORY_H
| #  include <memory.h>
| # endif
| # include <string.h>
| #endif
| #ifdef HAVE_STRINGS_H
| # include <strings.h>
| #endif
| #ifdef HAVE_INTTYPES_H
| # include <inttypes.h>
| #endif
| #ifdef HAVE_STDINT_H
| # include <stdint.h>
| #endif
| #ifdef HAVE_UNISTD_H
| # include <unistd.h>
| #endif
| 	        enum { N = 8 / 2 - 1 };
| int
| main ()
| {
| static int test_array [1 - 2 * !((int8_t) (((((int8_t) 1 << N) << N) - 1) * 2 + 1)
| 		 < (int8_t) (((((int8_t) 1 << N) << N) - 1) * 2 + 2))];
| test_array [0] = 0;
| return test_array [0];
| 
|   ;
|   return 0;
| }
configure:12605: result: yes
configure:12616: checking for uint16_t
configure:12616: gcc -c -g -O2  conftest.c >&5
configure:12616: $? = 0
configure:12616: result: yes
configure:12632: checking for stdlib.h
configure:12632: result: yes
configure:12642: checking for GNU libc compatible malloc
configure:12666: gcc -o conftest -g -O2   conftest.c -lm  >&5
configure:12666: $? = 0
configure:12666: ./conftest
configure:12666: $? = 0
configure:12676: result: yes
configure:12697: checking for working memcmp
configure:12740: gcc -o conftest -g -O2   conftest.c -lm  >&5
configure:12740: $? = 0
configure:12740: ./conftest
configure:12740: $? = 0
configure:12750: result: yes
configure:12762: checking for floor
configure:12762: gcc -o conftest -g -O2   conftest.c -lm  >&5
conftest.c:54:6: warning: conflicting types for built-in function 'floor' [enabled by default]
 char floor ();
      ^
configure:12762: $? = 0
configure:12762: result: yes
configure:12762: checking for memmove
configure:12762: gcc -o conftest -g -O2   conftest.c -lm  >&5
conftest.c:55:6: warning: conflicting types for built-in function 'memmove' [enabled by default]
 char memmove ();
      ^
configure:12762: $? = 0
configure:12762: result: yes
configure:12762: checking for memset
configure:12762: gcc -o conftest -g -O2   conftest.c -lm  >&5
conftest.c:56:6: warning: conflicting types for built-in function 'memset' [enabled by default]
 char memset ();
      ^
configure:12762: $? = 0
configure:12762: result: yes
configure:12762: checking for pow
configure:12762: gcc -o conftest -g -O2   conftest.c -lm  >&5
conftest.c:57:6: warning: conflicting types for built-in function 'pow' [enabled by default]
 char pow ();
      ^
configure:12762: $? = 0
configure:12762: result: yes
configure:12762: checking for sqrt
configure:12762: gcc -o conftest -g -O2   conftest.c -lm  >&5
conftest.c:58:6: warning: conflicting types for built-in function 'sqrt' [enabled by default]
 char sqrt ();
      ^
configure:12762: $? = 0
configure:12762: result: yes
configure:12799: checking for fftw3 library at /usr 
configure:12828: WARNING: not found
configure:12831: checking for fftw3 library at /usr/local 
configure:12874: WARNING: not found, building without fftw3
configure:12895: checking for pkg-config
configure:12911: found /usr/bin/pkg-config
configure:12923: result: yes
configure:13077: checking that generated files are newer than configure
configure:13083: result: done
configure:13110: creating ./config.status

## ---------------------- ##
## Running config.status. ##
## ---------------------- ##

This file was extended by libaacplus config.status 2.0.2, which was
generated by GNU Autoconf 2.69.  Invocation command line was

  CONFIG_FILES    = 
  CONFIG_HEADERS  = 
  CONFIG_LINKS    = 
  CONFIG_COMMANDS = 
  $ ./config.status 

on astroid1

config.status:1124: creating aacplus.spec
config.status:1124: creating aacplus-config
config.status:1232: WARNING:  'aacplus-config.in' seems to ignore the --datarootdir setting
config.status:1124: creating aacplus.pc
config.status:1124: creating Makefile
config.status:1124: creating src/Makefile
config.status:1124: creating patches/Makefile
config.status:1124: creating include/Makefile
config.status:1124: creating frontend/Makefile
config.status:1124: creating config.h
config.status:1353: executing depfiles commands
config.status:1353: executing libtool commands

## ---------------- ##
## Cache variables. ##
## ---------------- ##

ac_cv_build=x86_64-unknown-linux-gnu
ac_cv_c_compiler_gnu=yes
ac_cv_c_const=yes
ac_cv_c_int16_t=yes
ac_cv_c_int32_t=yes
ac_cv_c_int8_t=yes
ac_cv_c_uint16_t=yes
ac_cv_downloader_prog='/usr/bin/wget -N'
ac_cv_env_CC_set=
ac_cv_env_CC_value=
ac_cv_env_CFLAGS_set=
ac_cv_env_CFLAGS_value=
ac_cv_env_CPPFLAGS_set=
ac_cv_env_CPPFLAGS_value=
ac_cv_env_CPP_set=
ac_cv_env_CPP_value=
ac_cv_env_LDFLAGS_set=
ac_cv_env_LDFLAGS_value=
ac_cv_env_LIBS_set=
ac_cv_env_LIBS_value=
ac_cv_env_build_alias_set=
ac_cv_env_build_alias_value=
ac_cv_env_host_alias_set=
ac_cv_env_host_alias_value=
ac_cv_env_target_alias_set=
ac_cv_env_target_alias_value=
ac_cv_file__bin_bash=yes
ac_cv_func_floor=yes
ac_cv_func_malloc_0_nonnull=yes
ac_cv_func_memcmp_working=yes
ac_cv_func_memmove=yes
ac_cv_func_memset=yes
ac_cv_func_pow=yes
ac_cv_func_sqrt=yes
ac_cv_header_dlfcn_h=yes
ac_cv_header_float_h=yes
ac_cv_header_inttypes_h=yes
ac_cv_header_memory_h=yes
ac_cv_header_stdc=yes
ac_cv_header_stdint_h=yes
ac_cv_header_stdlib_h=yes
ac_cv_header_string_h=yes
ac_cv_header_strings_h=yes
ac_cv_header_sys_stat_h=yes
ac_cv_header_sys_types_h=yes
ac_cv_header_unistd_h=yes
ac_cv_host=x86_64-unknown-linux-gnu
ac_cv_objext=o
ac_cv_parameter_expansion_string_replace_capable_shell=/bin/bash
ac_cv_path_DOWNLOADER_PROG_CMD=/usr/bin/wget
ac_cv_path_EGREP='/bin/grep -E'
ac_cv_path_FGREP='/bin/grep -F'
ac_cv_path_GREP=/bin/grep
ac_cv_path_PATCH=/usr/bin/patch
ac_cv_path_SED=/bin/sed
ac_cv_path_UNZIP=/usr/bin/unzip
ac_cv_path_install='/usr/bin/install -c'
ac_cv_path_mkdir=/bin/mkdir
ac_cv_prog_AWK=gawk
ac_cv_prog_CPP='gcc -E'
ac_cv_prog_PKGCONFIG=yes
ac_cv_prog_ac_ct_AR=ar
ac_cv_prog_ac_ct_CC=gcc
ac_cv_prog_ac_ct_DLLTOOL=dlltool
ac_cv_prog_ac_ct_MANIFEST_TOOL=mt
ac_cv_prog_ac_ct_OBJDUMP=objdump
ac_cv_prog_ac_ct_RANLIB=ranlib
ac_cv_prog_ac_ct_STRIP=strip
ac_cv_prog_cc_c89=
ac_cv_prog_cc_g=yes
ac_cv_prog_make_make_set=yes
ac_cv_search_sqrt=-lm
am_cv_CC_dependencies_compiler_type=gcc3
am_cv_make_support_nested_variables=yes
am_cv_prog_cc_c_o=yes
lt_cv_ar_at_file=@
lt_cv_archive_cmds_need_lc=no
lt_cv_deplibs_check_method=pass_all
lt_cv_file_magic_cmd='$MAGIC_CMD'
lt_cv_file_magic_test_file=
lt_cv_ld_reload_flag=-r
lt_cv_nm_interface='BSD nm'
lt_cv_objdir=.libs
lt_cv_path_LD=/usr/bin/ld
lt_cv_path_NM='/usr/bin/nm -B'
lt_cv_path_mainfest_tool=no
lt_cv_prog_compiler_c_o=yes
lt_cv_prog_compiler_pic='-fPIC -DPIC'
lt_cv_prog_compiler_pic_works=yes
lt_cv_prog_compiler_rtti_exceptions=no
lt_cv_prog_compiler_static_works=yes
lt_cv_prog_gnu_ld=yes
lt_cv_sharedlib_from_linklib_cmd='printf %s\n'
lt_cv_shlibpath_overrides_runpath=no
lt_cv_sys_global_symbol_pipe='sed -n -e '\''s/^.*[	 ]\([ABCDGIRSTW][ABCDGIRSTW]*\)[	 ][	 ]*\([_A-Za-z][_A-Za-z0-9]*\)$/\1 \2 \2/p'\'' | sed '\''/ __gnu_lto/d'\'''
lt_cv_sys_global_symbol_to_c_name_address='sed -n -e '\''s/^: \([^ ]*\)[ ]*$/  {\"\1\", (void *) 0},/p'\'' -e '\''s/^[ABCDGIRSTW]* \([^ ]*\) \([^ ]*\)$/  {"\2", (void *) \&\2},/p'\'''
lt_cv_sys_global_symbol_to_c_name_address_lib_prefix='sed -n -e '\''s/^: \([^ ]*\)[ ]*$/  {\"\1\", (void *) 0},/p'\'' -e '\''s/^[ABCDGIRSTW]* \([^ ]*\) \(lib[^ ]*\)$/  {"\2", (void *) \&\2},/p'\'' -e '\''s/^[ABCDGIRSTW]* \([^ ]*\) \([^ ]*\)$/  {"lib\2", (void *) \&\2},/p'\'''
lt_cv_sys_global_symbol_to_cdecl='sed -n -e '\''s/^T .* \(.*\)$/extern int \1();/p'\'' -e '\''s/^[ABCDGIRSTW]* .* \(.*\)$/extern char \1;/p'\'''
lt_cv_sys_max_cmd_len=1572864
lt_cv_to_host_file_cmd=func_convert_file_noop
lt_cv_to_tool_file_cmd=func_convert_file_noop

## ----------------- ##
## Output variables. ##
## ----------------- ##

AACPLUS_CFLAGS=''
AACPLUS_CPPFLAGS='-I '
AACPLUS_LIBS='-laacplus -lm '
AACPLUS_REQUIRES=''
ACLOCAL='${SHELL} /opt/galaxymediatools/ffmpeginstall/libaacplus-2.0.2/missing aclocal-1.14'
AMDEPBACKSLASH='\'
AMDEP_FALSE='#'
AMDEP_TRUE=''
AMTAR='$${TAR-tar}'
AM_BACKSLASH='\'
AM_DEFAULT_V='$(AM_DEFAULT_VERBOSITY)'
AM_DEFAULT_VERBOSITY='1'
AM_V='$(V)'
AR='ar'
AS='as'
ASH=''
AUTOCONF='${SHELL} /opt/galaxymediatools/ffmpeginstall/libaacplus-2.0.2/missing autoconf'
AUTOHEADER='${SHELL} /opt/galaxymediatools/ffmpeginstall/libaacplus-2.0.2/missing autoheader'
AUTOMAKE='${SHELL} /opt/galaxymediatools/ffmpeginstall/libaacplus-2.0.2/missing automake-1.14'
AWK='gawk'
BASH='/bin/bash'
CC='gcc'
CCDEPMODE='depmode=gcc3'
CFLAGS='-g -O2'
CPP='gcc -E'
CPPFLAGS=''
CYGPATH_W='echo'
DEBUG=''
DEFS='-DHAVE_CONFIG_H'
DEPDIR='.deps'
DLLTOOL='dlltool'
DOWNLOADER_PROG='/usr/bin/wget -N'
DOWNLOADER_PROG_CMD='/usr/bin/wget'
DSYMUTIL=''
DUMPBIN=''
ECHO_C=''
ECHO_N='-n'
ECHO_T=''
EGREP='/bin/grep -E'
EXEEXT=''
FFTW3_CFLAGS=''
FFTW3_INCFLAGS=''
FFTW3_LDFLAGS=''
FFTW3_LIB=''
FGREP='/bin/grep -F'
GREP='/bin/grep'
HAVE_PKGCONFIG_FALSE='#'
HAVE_PKGCONFIG_TRUE=''
INSTALL_DATA='${INSTALL} -m 644'
INSTALL_PROGRAM='${INSTALL}'
INSTALL_SCRIPT='${INSTALL}'
INSTALL_STRIP_PROGRAM='$(install_sh) -c -s'
LD='/usr/bin/ld -m elf_x86_64'
LDFLAGS=''
LIBOBJS=''
LIBS='-lm '
LIBTOOL='$(SHELL) $(top_builddir)/libtool'
LIBTOOL_DEPS='./ltmain.sh'
LIPO=''
LN_S='ln -s'
LTLIBOBJS=''
MAKEINFO='${SHELL} /opt/galaxymediatools/ffmpeginstall/libaacplus-2.0.2/missing makeinfo'
MANIFEST_TOOL=':'
MKDIR_P='/bin/mkdir -p'
NM='/usr/bin/nm -B'
NMEDIT=''
OBJDUMP='objdump'
OBJEXT='o'
OPT=''
OTOOL64=''
OTOOL=''
PACKAGE='libaacplus'
PACKAGE_BUGREPORT='Sergiy Guriev <piratfm@ua.fm>'
PACKAGE_NAME='libaacplus'
PACKAGE_STRING='libaacplus 2.0.2'
PACKAGE_TARNAME='libaacplus'
PACKAGE_URL=''
PACKAGE_VERSION='2.0.2'
PARAMETER_EXPANSION_STRING_REPLACE_CAPABLE_SHELL='/bin/bash'
PATCH='/usr/bin/patch'
PATH_SEPARATOR=':'
PKGCONFIG='yes'
PROFILE=''
RANLIB='ranlib'
SED='/bin/sed'
SET_MAKE=''
SHELL='/bin/bash'
STRIP='strip'
UNZIP='/usr/bin/unzip'
VERSION='2.0.2'
ac_ct_AR='ar'
ac_ct_CC='gcc'
ac_ct_DUMPBIN=''
am__EXEEXT_FALSE=''
am__EXEEXT_TRUE='#'
am__fastdepCC_FALSE='#'
am__fastdepCC_TRUE=''
am__include='include'
am__isrc=''
am__leading_dot='.'
am__nodep='_no'
am__quote=''
am__tar='$${TAR-tar} chof - "$$tardir"'
am__untar='$${TAR-tar} xf -'
bindir='${exec_prefix}/bin'
build='x86_64-unknown-linux-gnu'
build_alias=''
build_cpu='x86_64'
build_os='linux-gnu'
build_vendor='unknown'
datadir='${datarootdir}'
datarootdir='${prefix}/share'
docdir='${datarootdir}/doc/${PACKAGE_TARNAME}'
dvidir='${docdir}'
exec_prefix='${prefix}'
host='x86_64-unknown-linux-gnu'
host_alias=''
host_cpu='x86_64'
host_os='linux-gnu'
host_vendor='unknown'
htmldir='${docdir}'
includedir='${prefix}/include'
infodir='${datarootdir}/info'
install_sh='${SHELL} /opt/galaxymediatools/ffmpeginstall/libaacplus-2.0.2/install-sh'
libdir='${exec_prefix}/lib'
libexecdir='${exec_prefix}/libexec'
localedir='${datarootdir}/locale'
localstatedir='${prefix}/var'
mandir='${datarootdir}/man'
mkdir_p='$(MKDIR_P)'
oldincludedir='/usr/include'
pdfdir='${docdir}'
prefix='/usr/local'
program_transform_name='s,x,x,'
psdir='${docdir}'
sbindir='${exec_prefix}/sbin'
sharedstatedir='${prefix}/com'
sysconfdir='${prefix}/etc'
target_alias=''

## ----------- ##
## confdefs.h. ##
## ----------- ##

/* confdefs.h */
#define PACKAGE_NAME "libaacplus"
#define PACKAGE_TARNAME "libaacplus"
#define PACKAGE_VERSION "2.0.2"
#define PACKAGE_STRING "libaacplus 2.0.2"
#define PACKAGE_BUGREPORT "Sergiy Guriev <piratfm@ua.fm>"
#define PACKAGE_URL ""
#define PACKAGE "libaacplus"
#define VERSION "2.0.2"
#define STDC_HEADERS 1
#define HAVE_SYS_TYPES_H 1
#define HAVE_SYS_STAT_H 1
#define HAVE_STDLIB_H 1
#define HAVE_STRING_H 1
#define HAVE_MEMORY_H 1
#define HAVE_STRINGS_H 1
#define HAVE_INTTYPES_H 1
#define HAVE_STDINT_H 1
#define HAVE_UNISTD_H 1
#define HAVE_DLFCN_H 1
#define LT_OBJDIR ".libs/"
#define STDC_HEADERS 1
#define HAVE_FLOAT_H 1
#define HAVE_MEMORY_H 1
#define HAVE_STDINT_H 1
#define HAVE_STDLIB_H 1
#define HAVE_STRING_H 1
#define HAVE_STDLIB_H 1
#define HAVE_MALLOC 1
#define HAVE_FLOOR 1
#define HAVE_MEMMOVE 1
#define HAVE_MEMSET 1
#define HAVE_POW 1
#define HAVE_SQRT 1

configure: exit 0

## ---------------------- ##
## Running config.status. ##
## ---------------------- ##

This file was extended by libaacplus config.status 2.0.2, which was
generated by GNU Autoconf 2.69.  Invocation command line was

  CONFIG_FILES    = 
  CONFIG_HEADERS  = 
  CONFIG_LINKS    = 
  CONFIG_COMMANDS = 
  $ ./config.status config.h

on astroid1

config.status:1124: creating config.h
config.status:1305: config.h is unchanged
